0 info it worked if it ends with ok
1 verbose cli [ '/home/zach/bin/node-v4.2.4-linux-x64/bin/node',
1 verbose cli   '/home/zach/bin/node-v4.2.4-linux-x64/bin/npm',
1 verbose cli   'run',
1 verbose cli   'build:browserify' ]
2 info using npm@2.14.12
3 info using node@v4.2.4
4 verbose run-script [ 'prebuild:browserify',
4 verbose run-script   'build:browserify',
4 verbose run-script   'postbuild:browserify' ]
5 info prebuild:browserify photoapp@1.0.0
6 info build:browserify photoapp@1.0.0
7 verbose unsafe-perm in lifecycle true
8 info photoapp@1.0.0 Failed to exec build:browserify script
9 verbose stack Error: photoapp@1.0.0 build:browserify: `browserify dist/js/app.js > public/js/index.js; rm dist/js/app.js`
9 verbose stack Exit status 1
9 verbose stack     at EventEmitter.<anonymous> (/home/zach/bin/node-v4.2.4-linux-x64/lib/node_modules/npm/lib/utils/lifecycle.js:214:16)
9 verbose stack     at emitTwo (events.js:87:13)
9 verbose stack     at EventEmitter.emit (events.js:172:7)
9 verbose stack     at ChildProcess.<anonymous> (/home/zach/bin/node-v4.2.4-linux-x64/lib/node_modules/npm/lib/utils/spawn.js:24:14)
9 verbose stack     at emitTwo (events.js:87:13)
9 verbose stack     at ChildProcess.emit (events.js:172:7)
9 verbose stack     at maybeClose (internal/child_process.js:818:16)
9 verbose stack     at Process.ChildProcess._handle.onexit (internal/child_process.js:211:5)
10 verbose pkgid photoapp@1.0.0
11 verbose cwd /home/zach/Files/myliljsfw
12 error Linux 4.2.0-16-generic
13 error argv "/home/zach/bin/node-v4.2.4-linux-x64/bin/node" "/home/zach/bin/node-v4.2.4-linux-x64/bin/npm" "run" "build:browserify"
14 error node v4.2.4
15 error npm  v2.14.12
16 error code ELIFECYCLE
17 error photoapp@1.0.0 build:browserify: `browserify dist/js/app.js > public/js/index.js; rm dist/js/app.js`
17 error Exit status 1
18 error Failed at the photoapp@1.0.0 build:browserify script 'browserify dist/js/app.js > public/js/index.js; rm dist/js/app.js'.
18 error This is most likely a problem with the photoapp package,
18 error not with npm itself.
18 error Tell the author that this fails on your system:
18 error     browserify dist/js/app.js > public/js/index.js; rm dist/js/app.js
18 error You can get their info via:
18 error     npm owner ls photoapp
18 error There is likely additional logging output above.
19 verbose exit [ 1, true ]
